<?xml version="1.0" encoding="UTF-8"?>
<testsuite xmlns:xsi="http://www.w3.org/2001/XMLSchema-instance" xsi:noNamespaceSchemaLocation="https://maven.apache.org/surefire/maven-surefire-plugin/xsd/surefire-test-report-3.0.xsd" version="3.0" name="at.jku.swtesting.RingBufferFullMutationTest" time="0.223" tests="28" errors="0" skipped="1" failures="0">
  <properties>
    <property name="sun.desktop" value="windows"/>
    <property name="awt.toolkit" value="sun.awt.windows.WToolkit"/>
    <property name="java.specification.version" value="11"/>
    <property name="sun.cpu.isalist" value="amd64"/>
    <property name="sun.jnu.encoding" value="Cp1252"/>
    <property name="java.class.path" value="c:\Users\Nermin\Desktop\Software Testing\UE_02\target\test-classes;c:\Users\Nermin\Desktop\Software Testing\UE_02\target\classes;C:\Users\Nermin\.m2\repository\org\junit\jupiter\junit-jupiter-engine\5.6.0\junit-jupiter-engine-5.6.0.jar;C:\Users\Nermin\.m2\repository\org\apiguardian\apiguardian-api\1.1.0\apiguardian-api-1.1.0.jar;C:\Users\Nermin\.m2\repository\org\junit\platform\junit-platform-engine\1.6.0\junit-platform-engine-1.6.0.jar;C:\Users\Nermin\.m2\repository\org\opentest4j\opentest4j\1.2.0\opentest4j-1.2.0.jar;C:\Users\Nermin\.m2\repository\org\junit\platform\junit-platform-commons\1.6.0\junit-platform-commons-1.6.0.jar;C:\Users\Nermin\.m2\repository\org\junit\jupiter\junit-jupiter-api\5.6.0\junit-jupiter-api-5.6.0.jar;"/>
    <property name="java.vm.vendor" value="Oracle Corporation"/>
    <property name="sun.arch.data.model" value="64"/>
    <property name="user.variant" value=""/>
    <property name="java.vendor.url" value="https://openjdk.java.net/"/>
    <property name="user.timezone" value="Europe/Berlin"/>
    <property name="java.vm.specification.version" value="11"/>
    <property name="os.name" value="Windows 10"/>
    <property name="sun.java.launcher" value="SUN_STANDARD"/>
    <property name="user.country" value="DE"/>
    <property name="sun.boot.library.path" value="C:\Program Files\Java\jdk-11.0.7\bin"/>
    <property name="sun.java.command" value="C:\Users\Nermin\AppData\Local\Temp\surefire9225644423968367509\surefirebooter3731763626909921307.jar C:\Users\Nermin\AppData\Local\Temp\surefire9225644423968367509 2020-05-07T12-48-34_286-jvmRun1 surefire1387193629194276536tmp surefire_03820960396994512940tmp"/>
    <property name="jdk.debug" value="release"/>
    <property name="surefire.test.class.path" value="c:\Users\Nermin\Desktop\Software Testing\UE_02\target\test-classes;c:\Users\Nermin\Desktop\Software Testing\UE_02\target\classes;C:\Users\Nermin\.m2\repository\org\junit\jupiter\junit-jupiter-engine\5.6.0\junit-jupiter-engine-5.6.0.jar;C:\Users\Nermin\.m2\repository\org\apiguardian\apiguardian-api\1.1.0\apiguardian-api-1.1.0.jar;C:\Users\Nermin\.m2\repository\org\junit\platform\junit-platform-engine\1.6.0\junit-platform-engine-1.6.0.jar;C:\Users\Nermin\.m2\repository\org\opentest4j\opentest4j\1.2.0\opentest4j-1.2.0.jar;C:\Users\Nermin\.m2\repository\org\junit\platform\junit-platform-commons\1.6.0\junit-platform-commons-1.6.0.jar;C:\Users\Nermin\.m2\repository\org\junit\jupiter\junit-jupiter-api\5.6.0\junit-jupiter-api-5.6.0.jar;"/>
    <property name="sun.cpu.endian" value="little"/>
    <property name="user.home" value="C:\Users\Nermin"/>
    <property name="user.language" value="de"/>
    <property name="java.specification.vendor" value="Oracle Corporation"/>
    <property name="java.version.date" value="2020-04-14"/>
    <property name="java.home" value="C:\Program Files\Java\jdk-11.0.7"/>
    <property name="file.separator" value="\"/>
    <property name="basedir" value="c:\Users\Nermin\Desktop\Software Testing\UE_02"/>
    <property name="java.vm.compressedOopsMode" value="Zero based"/>
    <property name="line.separator" value="&#10;"/>
    <property name="java.specification.name" value="Java Platform API Specification"/>
    <property name="java.vm.specification.vendor" value="Oracle Corporation"/>
    <property name="java.awt.graphicsenv" value="sun.awt.Win32GraphicsEnvironment"/>
    <property name="surefire.real.class.path" value="C:\Users\Nermin\AppData\Local\Temp\surefire9225644423968367509\surefirebooter3731763626909921307.jar"/>
    <property name="user.script" value=""/>
    <property name="sun.management.compiler" value="HotSpot 64-Bit Tiered Compilers"/>
    <property name="java.runtime.version" value="11.0.7+8-LTS"/>
    <property name="user.name" value="Nermin"/>
    <property name="path.separator" value=";"/>
    <property name="os.version" value="10.0"/>
    <property name="java.runtime.name" value="Java(TM) SE Runtime Environment"/>
    <property name="file.encoding" value="Cp1252"/>
    <property name="java.vm.name" value="Java HotSpot(TM) 64-Bit Server VM"/>
    <property name="java.vendor.version" value="18.9"/>
    <property name="localRepository" value="C:\Users\Nermin\.m2\repository"/>
    <property name="java.vendor.url.bug" value="https://bugreport.java.com/bugreport/"/>
    <property name="java.io.tmpdir" value="C:\Users\Nermin\AppData\Local\Temp\"/>
    <property name="java.version" value="11.0.7"/>
    <property name="user.dir" value="c:\Users\Nermin\Desktop\Software Testing\UE_02"/>
    <property name="os.arch" value="amd64"/>
    <property name="java.vm.specification.name" value="Java Virtual Machine Specification"/>
    <property name="java.awt.printerjob" value="sun.awt.windows.WPrinterJob"/>
    <property name="sun.os.patch.level" value=""/>
    <property name="java.library.path" value="C:\Program Files\Java\jdk-11.0.7\bin;C:\WINDOWS\Sun\Java\bin;C:\WINDOWS\system32;C:\WINDOWS;C:\Program Files (x86)\Common Files\Oracle\Java\javapath;C:\app\Nermin\virtual\product\12.2.0\dbhome_1\bin;C:\Windows\system32;C:\Windows;C:\Windows\System32\Wbem;C:\Windows\System32\WindowsPowerShell\v1.0\;C:\Program Files (x86)\NVIDIA Corporation\PhysX\Common;C:\Program Files (x86)\Common Files\Apple\Mobile Device Support\;C:\Program Files (x86)\Common Files\Apple\Apple Application Support;C:\Program Files (x86)\BaseX\bin;C:\Program Files (x86)\Microsoft SDKs\Azure\CLI\wbin;C:\WINDOWS\system32;C:\WINDOWS;C:\WINDOWS\System32\Wbem;C:\WINDOWS\System32\WindowsPowerShell\v1.0\;C:\Program Files\dotnet\;C:\Program Files\PuTTY\;C:\Program Files\Microsoft SQL Server\Client SDK\ODBC\130\Tools\Binn\;C:\Program Files (x86)\Microsoft SQL Server\130\Tools\Binn\;C:\Program Files\Microsoft SQL Server\130\Tools\Binn\;C:\Program Files\Microsoft SQL Server\130\DTS\Binn\;C:\Program Files (x86)\Microsoft SQL Server\Client SDK\ODBC\130\Tools\Binn\;C:\Program Files (x86)\Microsoft SQL Server\140\Tools\Binn\;C:\Program Files (x86)\Microsoft SQL Server\140\DTS\Binn\;C:\Program Files (x86)\Microsoft SQL Server\140\Tools\Binn\ManagementStudio\;C:\WINDOWS\System32\OpenSSH\;C:\Program Files\Microsoft VS Code\bin;C:\Users\Nermin\AppData\Roaming\nvm;C:\Program Files\nodejs;%ANDROID_HOME%\tools;%ANDROID_HOME%\platform-tools;C:\Users\Nermin\AppData\Local\Android\Sdk\platform-tools;C:\Program Files (x86)\dotnet\;C:\Program Files\Microsoft SQL Server\Client SDK\ODBC\170\Tools\Binn\;C:\Program Files\Git\cmd;C:\ffmpeg\bin;C:\Program Files (x86)\Microsoft SQL Server\150\DTS\Binn\;C:\Program Files\Java\apache-maven-3.6.3\bin;C:\Program Files\Java\jdk1.8.0_202\bin;C:\Program Files\Docker\Docker\resources\bin;C:\ProgramData\DockerDesktop\version-bin;C:\Users\Nermin\.windows-build-tools\python27\;C:\Users\Nermin\AppData\Local\.meteor\;C:\Users\Nermin\AppData\Local\Microsoft\WindowsApps;C:\Program Files\Oracle\VirtualBox;C:\Users\Nermin\AppData\Roaming\npm;C:\Users\Nermin\AppData\Roaming\nvm;C:\Program Files\nodejs;C:\Users\Nermin\.dotnet\tools;C:\Users\Nermin\AppData\Local\Microsoft\WindowsApps;;C:\Users\Nermin\AppData\Local\Programs\Fiddler;C:\Program Files (x86)\Sophos\Sophos SSL VPN Client\bin;C:\Program Files (x86)\Nmap;."/>
    <property name="java.vendor" value="Oracle Corporation"/>
    <property name="java.vm.info" value="mixed mode"/>
    <property name="java.vm.version" value="11.0.7+8-LTS"/>
    <property name="sun.io.unicode.encoding" value="UnicodeLittle"/>
    <property name="java.class.version" value="55.0"/>
  </properties>
  <testcase name="testCapacityForZeroCapacity" classname="at.jku.swtesting.RingBufferFullMutationTest" time="0.059"/>
  <testcase name="testSetCapacityIsStillEmpty" classname="at.jku.swtesting.RingBufferFullMutationTest" time="0.003"/>
  <testcase name="testEnqueue" classname="at.jku.swtesting.RingBufferFullMutationTest" time="0.01"/>
  <testcase name="testDequeueEmptyBuffer" classname="at.jku.swtesting.RingBufferFullMutationTest" time="0.001"/>
  <testcase name="testSetCapacitySameSize" classname="at.jku.swtesting.RingBufferFullMutationTest" time="0.001"/>
  <testcase name="testSetCapacityZero" classname="at.jku.swtesting.RingBufferFullMutationTest" time="0.001"/>
  <testcase name="testEmpty" classname="at.jku.swtesting.RingBufferFullMutationTest" time="0.001"/>
  <testcase name="testFull" classname="at.jku.swtesting.RingBufferFullMutationTest" time="0.001"/>
  <testcase name="testSize" classname="at.jku.swtesting.RingBufferFullMutationTest" time="0.002"/>
  <testcase name="testSetCapacityIsNotFullAnymore" classname="at.jku.swtesting.RingBufferFullMutationTest" time="0.001"/>
  <testcase name="testEnqueueDequeueMulitple" classname="at.jku.swtesting.RingBufferFullMutationTest" time="0.001"/>
  <testcase name="testCapacityForNegativeCapacity" classname="at.jku.swtesting.RingBufferFullMutationTest" time="0.001"/>
  <testcase name="TestSetCapacityGreaterButSizeUnchanged" classname="at.jku.swtesting.RingBufferFullMutationTest" time="0.001"/>
  <testcase name="test" classname="at.jku.swtesting.RingBufferFullMutationTest" time="0">
    <skipped message="Not yet implemented"/>
  </testcase>
  <testcase name="testSetCapacityStillSameItemsInRightOrder" classname="at.jku.swtesting.RingBufferFullMutationTest" time="0.045"/>
  <testcase name="testCapacityForPositveCapacity" classname="at.jku.swtesting.RingBufferFullMutationTest" time="0.003"/>
  <testcase name="testCapacity" classname="at.jku.swtesting.RingBufferFullMutationTest" time="0.006"/>
  <testcase name="testPeekItem" classname="at.jku.swtesting.RingBufferFullMutationTest" time="0.001"/>
  <testcase name="testEnqueueTooManyItems" classname="at.jku.swtesting.RingBufferFullMutationTest" time="0.005"/>
  <testcase name="testSetCapacityGreaterThanBefore" classname="at.jku.swtesting.RingBufferFullMutationTest" time="0.001"/>
  <testcase name="testPeekEmptyBuffer" classname="at.jku.swtesting.RingBufferFullMutationTest" time="0.001"/>
  <testcase name="testDequeue" classname="at.jku.swtesting.RingBufferFullMutationTest" time="0.002"/>
  <testcase name="testSetCapacity" classname="at.jku.swtesting.RingBufferFullMutationTest" time="0.003"/>
  <testcase name="testPeekBufferNotChanged" classname="at.jku.swtesting.RingBufferFullMutationTest" time="0.001"/>
  <testcase name="testSetCapacitySmallerThanBufferSize" classname="at.jku.swtesting.RingBufferFullMutationTest" time="0.001"/>
  <testcase name="testSetCapacitySmallerThanBefore" classname="at.jku.swtesting.RingBufferFullMutationTest" time="0"/>
  <testcase name="testSetCapacityUnchangedCompareValues" classname="at.jku.swtesting.RingBufferFullMutationTest" time="0.005"/>
  <testcase name="testSetCapacityGreaterThanCurrentSizeCompareValues" classname="at.jku.swtesting.RingBufferFullMutationTest" time="0"/>
</testsuite>