<?xml version="1.0" encoding="UTF-8"?>
<testsuite xmlns:xsi="http://www.w3.org/2001/XMLSchema-instance" xsi:noNamespaceSchemaLocation="https://maven.apache.org/surefire/maven-surefire-plugin/xsd/surefire-test-report-3.0.xsd" version="3.0" name="at.jku.swtesting.RingBufferModelTest" time="0.715" tests="1" errors="0" skipped="0" failures="0">
  <properties>
    <property name="sun.desktop" value="windows"/>
    <property name="awt.toolkit" value="sun.awt.windows.WToolkit"/>
    <property name="java.specification.version" value="11"/>
    <property name="sun.cpu.isalist" value="amd64"/>
    <property name="sun.jnu.encoding" value="Cp1252"/>
    <property name="java.class.path" value="c:\Users\Nermin\Desktop\Software Testing\UE_03\target\test-classes;c:\Users\Nermin\Desktop\Software Testing\UE_03\target\classes;C:\Users\Nermin\.m2\repository\org\junit\jupiter\junit-jupiter-engine\5.6.0\junit-jupiter-engine-5.6.0.jar;C:\Users\Nermin\.m2\repository\org\apiguardian\apiguardian-api\1.1.0\apiguardian-api-1.1.0.jar;C:\Users\Nermin\.m2\repository\org\junit\platform\junit-platform-engine\1.6.0\junit-platform-engine-1.6.0.jar;C:\Users\Nermin\.m2\repository\org\opentest4j\opentest4j\1.2.0\opentest4j-1.2.0.jar;C:\Users\Nermin\.m2\repository\org\junit\platform\junit-platform-commons\1.6.0\junit-platform-commons-1.6.0.jar;C:\Users\Nermin\.m2\repository\org\junit\jupiter\junit-jupiter-api\5.6.0\junit-jupiter-api-5.6.0.jar;C:\Users\Nermin\.m2\repository\nz\ac\waikato\modeljunit\modeljunit\2.5\modeljunit-2.5.jar;C:\Users\Nermin\.m2\repository\asm\asm\3.1\asm-3.1.jar;C:\Users\Nermin\.m2\repository\net\sf\jung\jung-algorithms\2.0.1\jung-algorithms-2.0.1.jar;C:\Users\Nermin\.m2\repository\net\sourceforge\collections\collections-generic\4.01\collections-generic-4.01.jar;C:\Users\Nermin\.m2\repository\colt\colt\1.2.0\colt-1.2.0.jar;C:\Users\Nermin\.m2\repository\concurrent\concurrent\1.3.4\concurrent-1.3.4.jar;C:\Users\Nermin\.m2\repository\net\sf\jung\jung-api\2.0.1\jung-api-2.0.1.jar;C:\Users\Nermin\.m2\repository\net\sf\jung\jung-graph-impl\2.0.1\jung-graph-impl-2.0.1.jar;C:\Users\Nermin\.m2\repository\net\sf\jung\jung-io\2.0.1\jung-io-2.0.1.jar;C:\Users\Nermin\.m2\repository\org\codehaus\woodstox\wstx-asl\3.2.6\wstx-asl-3.2.6.jar;C:\Users\Nermin\.m2\repository\stax\stax-api\1.0.1\stax-api-1.0.1.jar;C:\Users\Nermin\.m2\repository\net\sf\jung\jung-jai\2.0.1\jung-jai-2.0.1.jar;C:\Users\Nermin\.m2\repository\net\sf\jung\jung-visualization\2.0.1\jung-visualization-2.0.1.jar;C:\Users\Nermin\.m2\repository\junit\junit\4.4\junit-4.4.jar;C:\Users\Nermin\.m2\repository\org\uispec4j\uispec4j\2.4\uispec4j-2.4-jdk16.jar;"/>
    <property name="java.vm.vendor" value="Oracle Corporation"/>
    <property name="sun.arch.data.model" value="64"/>
    <property name="user.variant" value=""/>
    <property name="java.vendor.url" value="https://openjdk.java.net/"/>
    <property name="user.timezone" value="Europe/Berlin"/>
    <property name="java.vm.specification.version" value="11"/>
    <property name="os.name" value="Windows 10"/>
    <property name="sun.java.launcher" value="SUN_STANDARD"/>
    <property name="user.country" value="DE"/>
    <property name="sun.boot.library.path" value="C:\Program Files\Java\jdk-11.0.7\bin"/>
    <property name="sun.java.command" value="C:\Users\Nermin\AppData\Local\Temp\surefire9895851912483535678\surefirebooter11340034104395521118.jar C:\Users\Nermin\AppData\Local\Temp\surefire9895851912483535678 2020-05-06T21-38-55_438-jvmRun1 surefire2299797371073504044tmp surefire_07428563167124631950tmp"/>
    <property name="jdk.debug" value="release"/>
    <property name="surefire.test.class.path" value="c:\Users\Nermin\Desktop\Software Testing\UE_03\target\test-classes;c:\Users\Nermin\Desktop\Software Testing\UE_03\target\classes;C:\Users\Nermin\.m2\repository\org\junit\jupiter\junit-jupiter-engine\5.6.0\junit-jupiter-engine-5.6.0.jar;C:\Users\Nermin\.m2\repository\org\apiguardian\apiguardian-api\1.1.0\apiguardian-api-1.1.0.jar;C:\Users\Nermin\.m2\repository\org\junit\platform\junit-platform-engine\1.6.0\junit-platform-engine-1.6.0.jar;C:\Users\Nermin\.m2\repository\org\opentest4j\opentest4j\1.2.0\opentest4j-1.2.0.jar;C:\Users\Nermin\.m2\repository\org\junit\platform\junit-platform-commons\1.6.0\junit-platform-commons-1.6.0.jar;C:\Users\Nermin\.m2\repository\org\junit\jupiter\junit-jupiter-api\5.6.0\junit-jupiter-api-5.6.0.jar;C:\Users\Nermin\.m2\repository\nz\ac\waikato\modeljunit\modeljunit\2.5\modeljunit-2.5.jar;C:\Users\Nermin\.m2\repository\asm\asm\3.1\asm-3.1.jar;C:\Users\Nermin\.m2\repository\net\sf\jung\jung-algorithms\2.0.1\jung-algorithms-2.0.1.jar;C:\Users\Nermin\.m2\repository\net\sourceforge\collections\collections-generic\4.01\collections-generic-4.01.jar;C:\Users\Nermin\.m2\repository\colt\colt\1.2.0\colt-1.2.0.jar;C:\Users\Nermin\.m2\repository\concurrent\concurrent\1.3.4\concurrent-1.3.4.jar;C:\Users\Nermin\.m2\repository\net\sf\jung\jung-api\2.0.1\jung-api-2.0.1.jar;C:\Users\Nermin\.m2\repository\net\sf\jung\jung-graph-impl\2.0.1\jung-graph-impl-2.0.1.jar;C:\Users\Nermin\.m2\repository\net\sf\jung\jung-io\2.0.1\jung-io-2.0.1.jar;C:\Users\Nermin\.m2\repository\org\codehaus\woodstox\wstx-asl\3.2.6\wstx-asl-3.2.6.jar;C:\Users\Nermin\.m2\repository\stax\stax-api\1.0.1\stax-api-1.0.1.jar;C:\Users\Nermin\.m2\repository\net\sf\jung\jung-jai\2.0.1\jung-jai-2.0.1.jar;C:\Users\Nermin\.m2\repository\net\sf\jung\jung-visualization\2.0.1\jung-visualization-2.0.1.jar;C:\Users\Nermin\.m2\repository\junit\junit\4.4\junit-4.4.jar;C:\Users\Nermin\.m2\repository\org\uispec4j\uispec4j\2.4\uispec4j-2.4-jdk16.jar;"/>
    <property name="sun.cpu.endian" value="little"/>
    <property name="user.home" value="C:\Users\Nermin"/>
    <property name="user.language" value="de"/>
    <property name="java.specification.vendor" value="Oracle Corporation"/>
    <property name="java.version.date" value="2020-04-14"/>
    <property name="java.home" value="C:\Program Files\Java\jdk-11.0.7"/>
    <property name="file.separator" value="\"/>
    <property name="basedir" value="c:\Users\Nermin\Desktop\Software Testing\UE_03"/>
    <property name="java.vm.compressedOopsMode" value="Zero based"/>
    <property name="line.separator" value="&#10;"/>
    <property name="java.specification.name" value="Java Platform API Specification"/>
    <property name="java.vm.specification.vendor" value="Oracle Corporation"/>
    <property name="java.awt.graphicsenv" value="sun.awt.Win32GraphicsEnvironment"/>
    <property name="surefire.real.class.path" value="C:\Users\Nermin\AppData\Local\Temp\surefire9895851912483535678\surefirebooter11340034104395521118.jar"/>
    <property name="user.script" value=""/>
    <property name="sun.management.compiler" value="HotSpot 64-Bit Tiered Compilers"/>
    <property name="java.runtime.version" value="11.0.7+8-LTS"/>
    <property name="user.name" value="Nermin"/>
    <property name="path.separator" value=";"/>
    <property name="os.version" value="10.0"/>
    <property name="java.runtime.name" value="Java(TM) SE Runtime Environment"/>
    <property name="file.encoding" value="Cp1252"/>
    <property name="java.vm.name" value="Java HotSpot(TM) 64-Bit Server VM"/>
    <property name="java.vendor.version" value="18.9"/>
    <property name="localRepository" value="C:\Users\Nermin\.m2\repository"/>
    <property name="java.vendor.url.bug" value="https://bugreport.java.com/bugreport/"/>
    <property name="java.io.tmpdir" value="C:\Users\Nermin\AppData\Local\Temp\"/>
    <property name="java.version" value="11.0.7"/>
    <property name="user.dir" value="c:\Users\Nermin\Desktop\Software Testing\UE_03"/>
    <property name="os.arch" value="amd64"/>
    <property name="java.vm.specification.name" value="Java Virtual Machine Specification"/>
    <property name="java.awt.printerjob" value="sun.awt.windows.WPrinterJob"/>
    <property name="sun.os.patch.level" value=""/>
    <property name="java.library.path" value="C:\Program Files\Java\jdk-11.0.7\bin;C:\WINDOWS\Sun\Java\bin;C:\WINDOWS\system32;C:\WINDOWS;C:\Program Files (x86)\Common Files\Oracle\Java\javapath;C:\app\Nermin\virtual\product\12.2.0\dbhome_1\bin;C:\Windows\system32;C:\Windows;C:\Windows\System32\Wbem;C:\Windows\System32\WindowsPowerShell\v1.0\;C:\Program Files (x86)\NVIDIA Corporation\PhysX\Common;C:\Program Files (x86)\Common Files\Apple\Mobile Device Support\;C:\Program Files (x86)\Common Files\Apple\Apple Application Support;C:\Program Files (x86)\BaseX\bin;C:\Program Files (x86)\Microsoft SDKs\Azure\CLI\wbin;C:\WINDOWS\system32;C:\WINDOWS;C:\WINDOWS\System32\Wbem;C:\WINDOWS\System32\WindowsPowerShell\v1.0\;C:\Program Files\dotnet\;C:\Program Files\PuTTY\;C:\Program Files\Microsoft SQL Server\Client SDK\ODBC\130\Tools\Binn\;C:\Program Files (x86)\Microsoft SQL Server\130\Tools\Binn\;C:\Program Files\Microsoft SQL Server\130\Tools\Binn\;C:\Program Files\Microsoft SQL Server\130\DTS\Binn\;C:\Program Files (x86)\Microsoft SQL Server\Client SDK\ODBC\130\Tools\Binn\;C:\Program Files (x86)\Microsoft SQL Server\140\Tools\Binn\;C:\Program Files (x86)\Microsoft SQL Server\140\DTS\Binn\;C:\Program Files (x86)\Microsoft SQL Server\140\Tools\Binn\ManagementStudio\;C:\WINDOWS\System32\OpenSSH\;C:\Program Files\Microsoft VS Code\bin;C:\Users\Nermin\AppData\Roaming\nvm;C:\Program Files\nodejs;%ANDROID_HOME%\tools;%ANDROID_HOME%\platform-tools;C:\Users\Nermin\AppData\Local\Android\Sdk\platform-tools;C:\Program Files (x86)\dotnet\;C:\Program Files\Microsoft SQL Server\Client SDK\ODBC\170\Tools\Binn\;C:\Program Files\Git\cmd;C:\ffmpeg\bin;C:\Program Files (x86)\Microsoft SQL Server\150\DTS\Binn\;C:\Program Files\Java\apache-maven-3.6.3\bin;C:\Program Files\Java\jdk-11.0.7\bin;C:\Program Files\Docker\Docker\resources\bin;C:\ProgramData\DockerDesktop\version-bin;C:\Users\Nermin\.windows-build-tools\python27\;C:\Users\Nermin\AppData\Local\.meteor\;C:\Users\Nermin\AppData\Local\Microsoft\WindowsApps;C:\Program Files\Oracle\VirtualBox;C:\Users\Nermin\AppData\Roaming\npm;C:\Users\Nermin\AppData\Roaming\nvm;C:\Program Files\nodejs;C:\Users\Nermin\.dotnet\tools;C:\Users\Nermin\AppData\Local\Microsoft\WindowsApps;;C:\Users\Nermin\AppData\Local\Programs\Fiddler;C:\Program Files (x86)\Sophos\Sophos SSL VPN Client\bin;C:\Program Files (x86)\Nmap;."/>
    <property name="java.vendor" value="Oracle Corporation"/>
    <property name="java.vm.info" value="mixed mode"/>
    <property name="java.vm.version" value="11.0.7+8-LTS"/>
    <property name="sun.io.unicode.encoding" value="UnicodeLittle"/>
    <property name="java.class.version" value="55.0"/>
  </properties>
  <testcase name="testRingBufferModel" classname="at.jku.swtesting.RingBufferModelTest" time="0.686"/>
</testsuite>